info it worked if it ends with ok
verbose cli [ 'node', '/home/freek/local/node/bin/npm', 'start' ]
info using npm@1.0.10
info using node@v0.5.0-pre
verbose config file /home/freek/.npmrc
verbose config file /home/freek/local/node/etc/npmrc
silly testEngine { name: 'norum',
silly testEngine   version: '0.0.1',
silly testEngine   private: true,
silly testEngine   scripts: { start: 'node app.js' },
silly testEngine   dependencies: 
silly testEngine    { express: '2.3.11',
silly testEngine      mongoose: '1.3.7',
silly testEngine      nodeunit: '0.5.1',
silly testEngine      'api-easy': '0.2.3' },
silly testEngine   _id: 'norum@0.0.1',
silly testEngine   devDependencies: {},
silly testEngine   engines: { node: '*' },
silly testEngine   _engineSupported: true,
silly testEngine   _npmVersion: '1.0.10',
silly testEngine   _nodeVersion: 'v0.5.0-pre',
silly testEngine   _defaultsLoaded: true }
verbose caching /home/freek/workspace/norum/package.json
verbose loadDefaults norum@0.0.1
verbose run-script [ 'prestart', 'start', 'poststart' ]
info prestart norum@0.0.1
info start norum@0.0.1
verbose unsafe-perm in lifecycle true
silly exec sh "-c" "node app.js"
info norum@0.0.1 Failed to exec start script
ERR! norum@0.0.1 start: `node app.js`
ERR! `sh "-c" "node app.js"` failed with 1
ERR! 
ERR! Failed at the norum@0.0.1 start script.
ERR! This is most likely a problem with the norum package,
ERR! not with npm itself.
ERR! Tell the author that this fails on your system:
ERR!     node app.js
ERR! You can get their info via:
ERR!     npm owner ls norum
ERR! There is likely additional logging output above.
ERR! 
ERR! System Linux 2.6.38-8-generic
ERR! command "node" "/home/freek/local/node/bin/npm" "start"
verbose exit [ 1, true ]
